   0.000 2022-08-25 12:41:32; Factorio 1.1.61 (build 59839, linux64, steam)
   0.032 Operating system: Linux (Garuda Soaring)
   0.032 Program arguments: "/home/lars/.local/share/Steam/steamapps/common/Factorio/bin/x64/factorio" 
   0.032 Read data path: /home/lars/.local/share/Steam/steamapps/common/Factorio/data
   0.032 Write data path: /home/lars/.factorio [351547/953565MB]
   0.032 Binaries path: /home/lars/.local/share/Steam/steamapps/common/Factorio/bin
   0.040 System info: [CPU: AMD Ryzen 7 5800X 8-Core Processor, 16 cores, RAM: 32006 MB]
   0.040 Environment: DISPLAY=:0 WAYLAND_DISPLAY=<unset> DESKTOP_SESSION=plasma XDG_SESSION_DESKTOP=KDE XDG_CURRENT_DESKTOP=KDE __GL_FSAA_MODE=<unset> __GL_LOG_MAX_ANISO=<unset> __GL_SYNC_TO_VBLANK=<unset> __GL_SORT_FBCONFIGS=<unset> __GL_YIELD=<unset>
   0.040 Display options: [FullScreen: 0] [VSync: 1] [UIScale: automatic (100.0%)] [Native DPI: 1] [Screen: 255] [Special: lmw] [Lang: no]
   0.513 Available displays: 2
   0.514  [0]: LG ULTRAWIDE 34" - {[0,260], 2560x1080, SDL_PIXELFORMAT_RGB888, 60Hz}
   0.514  [1]: DELL IN2030M 20" - {[2560,0], 900x1600, SDL_PIXELFORMAT_RGB888, 60Hz}
   0.514 Failed to get primary display index, defaulting to 0.
   0.749 Initialised OpenGL:[0] NVIDIA GeForce GTX 1070/PCIe/SSE2; driver: 3.3.0 NVIDIA 515.65.01
   0.749   [Extensions] s3tc:yes; KHR_debug:yes; ARB_clear_texture:yes, ARB_copy_image:yes
   0.749   [Version] 3.3
   0.749 Graphics settings preset: very-high
   0.749   Dedicated video memory size 8192 MB
   0.830 Graphics options: [Graphics quality: high] [Video memory usage: all] [DXT: high-quality] [Color: 32bit]
   0.830                   [Max threads (load/render): 32/8] [Max texture size: 0] [Tex.Stream.: 0] [Rotation quality: normal] [Other: STDCWT] [B:0,C:0,S:100]
   0.837 [Audio] Backend:default; Depth:16, Channel:2, Frequency:44100; MixerQuality:linear
   1.102 Loading mod core 0.0.0 (data.lua)
   1.126 Loading mod base 1.1.61 (data.lua)
   1.230 Loading mod base 1.1.61 (data-updates.lua)
   1.273 Checksum for core: 1720724266
   1.274 Checksum of base: 2195340303
   1.399 Prototype list checksum: 3034860339
   1.422 Loading sounds...
   1.711 Info PlayerData.cpp:73: Local player-data.json unavailable
   1.711 Info PlayerData.cpp:76: Cloud player-data.json available, timestamp 1661345712
   1.786 Initial atlas bitmap size is 16384
   1.806 Created atlas bitmap 16384x16356 [none]
   1.808 Created atlas bitmap 16384x13240 [none]
   1.808 Created atlas bitmap 8192x4188 [decal]
   1.808 Created atlas bitmap 16384x5568 [low-object, linear-minification]
   1.808 Created atlas bitmap 8192x4416 [mipmap, linear-minification, linear-magnification, linear-mip-level]
   1.809 Created atlas bitmap 16384x6064 [terrain, mipmap, linear-minification, linear-mip-level]
   1.809 Created atlas bitmap 4096x3216 [terrain-effect-map, mipmap, linear-minification, linear-mip-level]
   1.809 Created atlas bitmap 4096x1856 [smoke, mipmap, linear-minification, linear-magnification]
   1.809 Created atlas bitmap 4096x3088 [mipmap]
   1.809 Created atlas bitmap 8192x2240 [icon, not-compressed, mipmap, linear-minification, linear-magnification, linear-mip-level]
   1.809 Created atlas bitmap 8192x1496 [alpha-mask]
   1.811 Created atlas bitmap 16384x14776 [shadow, linear-magnification, alpha-mask]
   1.811 Created atlas bitmap 8192x2352 [shadow, mipmap, linear-magnification, alpha-mask]
   1.811 Created atlas bitmap 2048x240 [icon-background, not-compressed, mipmap, linear-minification, linear-magnification, linear-mip-level, ]
   1.816 Texture processor created (2048). GPU accelerated compression Supported: yes, Enabled: yes/yes. Test passed. YCoCgDXT PSNR: 35.83, BC3 PSNR: 33.82
   3.472 Parallel Sprite Loader initialized (threads: 15)
   7.155 Sprites loaded
   7.178 Generated mipmaps (4) for atlas [3] of size 16384x5568   
   7.183 Generated mipmaps (3) for atlas [4] of size 8192x4416   
   7.256 Generated mipmaps (3) for atlas [5] of size 16384x6064   
   7.264 Generated mipmaps (3) for atlas [6] of size 4096x3216   
   7.270 Generated mipmaps (3) for atlas [7] of size 4096x1856   
   7.283 Generated mipmaps (3) for atlas [8] of size 4096x3088   
   7.301 Generated mipmaps (5) for atlas [9] of size 8192x2240   
   7.304 Generated mipmaps (3) for atlas [12] of size 8192x2352   
   7.318 Custom mipmaps uploaded.
   7.401 Factorio initialised
   7.401 Steam Storage Quota: 4653/4768
   9.255 Loading map /home/lars/.factorio/saves/Normal.zip: 20256328 bytes.
   9.266 Loading level.dat: 57931599 bytes.
   9.269 Info Scenario.cpp:199: Map version 1.1.61-0
  10.221 Loading script.dat: 1182 bytes.
  10.222 Checksum for script /home/lars/.factorio/temp/currently-playing/control.lua: 3795083680
 120.047 Info AppManagerStates.cpp:1902: Saving finished
 121.891 Quitting: user-quit.
 122.069 Steam API shutdown.
 122.071 Goodbye
